<?xml version="1.0" encoding="UTF-8"?>
<coverage generated="1596105070852" clover="3.2.0">
  <project timestamp="1596105070852" name="All files">
    <metrics statements="57" coveredstatements="56" conditionals="49" coveredconditionals="45" methods="19" coveredmethods="19" elements="125" coveredelements="120" complexity="0" loc="57" ncloc="57" packages="1" files="2" classes="2"/>
    <file name="index.ts" path="/Users/elverys7d/Projects/mount-utils/src/index.ts">
      <metrics statements="55" coveredstatements="55" conditionals="45" coveredconditionals="44" methods="19" coveredmethods="19"/>
      <line num="1" count="2" type="stmt"/>
      <line num="45" count="2" type="stmt"/>
      <line num="46" count="2" type="stmt"/>
      <line num="54" count="2" type="stmt"/>
      <line num="57" count="2" type="stmt"/>
      <line num="63" count="2" type="stmt"/>
      <line num="65" count="2" type="stmt"/>
      <line num="68" count="23" type="cond" truecount="2" falsecount="0"/>
      <line num="69" count="4" type="stmt"/>
      <line num="72" count="23" type="stmt"/>
      <line num="75" count="2" type="stmt"/>
      <line num="76" count="7" type="stmt"/>
      <line num="79" count="2" type="stmt"/>
      <line num="80" count="16" type="stmt"/>
      <line num="84" count="58" type="cond" truecount="2" falsecount="0"/>
      <line num="88" count="58" type="cond" truecount="2" falsecount="0"/>
      <line num="91" count="2" type="stmt"/>
      <line num="92" count="54" type="cond" truecount="2" falsecount="0"/>
      <line num="95" count="2" type="stmt"/>
      <line num="96" count="2" type="cond" truecount="2" falsecount="0"/>
      <line num="99" count="2" type="stmt"/>
      <line num="103" count="2" type="cond" truecount="2" falsecount="0"/>
      <line num="106" count="2" type="stmt"/>
      <line num="107" count="6" type="cond" truecount="3" falsecount="0"/>
      <line num="110" count="2" type="stmt"/>
      <line num="114" count="3" type="stmt"/>
      <line num="120" count="5" type="stmt"/>
      <line num="122" count="5" type="stmt"/>
      <line num="123" count="5" type="stmt"/>
      <line num="127" count="5" type="cond" truecount="2" falsecount="0"/>
      <line num="130" count="5" type="stmt"/>
      <line num="133" count="2" type="stmt"/>
      <line num="135" count="2" type="stmt"/>
      <line num="136" count="9" type="stmt"/>
      <line num="138" count="9" type="cond" truecount="2" falsecount="0"/>
      <line num="139" count="6" type="stmt"/>
      <line num="141" count="6" type="cond" truecount="2" falsecount="0"/>
      <line num="142" count="1" type="stmt"/>
      <line num="145" count="5" type="stmt"/>
      <line num="146" count="5" type="stmt"/>
      <line num="147" count="5" type="stmt"/>
      <line num="150" count="8" type="stmt"/>
      <line num="153" count="2" type="stmt"/>
      <line num="154" count="37" type="stmt"/>
      <line num="157" count="2" type="stmt"/>
      <line num="158" count="9" type="stmt"/>
      <line num="161" count="2" type="stmt"/>
      <line num="162" count="23" type="stmt"/>
      <line num="163" count="23" type="stmt"/>
      <line num="166" count="2" type="stmt"/>
      <line num="175" count="14" type="stmt"/>
      <line num="178" count="14" type="stmt"/>
      <line num="181" count="41" type="stmt"/>
      <line num="186" count="25" type="cond" truecount="2" falsecount="0"/>
      <line num="187" count="25" type="cond" truecount="2" falsecount="0"/>
    </file>
    <file name="polyfills.ts" path="/Users/elverys7d/Projects/mount-utils/src/polyfills.ts">
      <metrics statements="2" coveredstatements="1" conditionals="4" coveredconditionals="1" methods="0" coveredmethods="0"/>
      <line num="2" count="2" type="cond" truecount="1" falsecount="1"/>
      <line num="3" count="0" type="stmt"/>
    </file>
  </project>
</coverage>
