{"/Users/elverys7d/Projects/mount-utils/src/index.ts": {"path":"/Users/elverys7d/Projects/mount-utils/src/index.ts","statementMap":{"0":{"start":{"line":1,"column":0},"end":{"line":1,"column":21}},"1":{"start":{"line":45,"column":28},"end":{"line":55,"column":4}},"2":{"start":{"line":46,"column":2},"end":{"line":53,"column":4}},"3":{"start":{"line":54,"column":2},"end":{"line":54,"column":11}},"4":{"start":{"line":57,"column":55},"end":{"line":62,"column":2}},"5":{"start":{"line":63,"column":13},"end":{"line":63,"column":78}},"6":{"start":{"line":65,"column":47},"end":{"line":65,"column":49}},"7":{"start":{"line":68,"column":2},"end":{"line":70,"column":null}},"8":{"start":{"line":69,"column":4},"end":{"line":69,"column":74}},"9":{"start":{"line":72,"column":2},"end":{"line":72,"column":38}},"10":{"start":{"line":76,"column":2},"end":{"line":76,"column":44}},"11":{"start":{"line":75,"column":0},"end":{"line":75,"column":16}},"12":{"start":{"line":80,"column":2},"end":{"line":80,"column":46}},"13":{"start":{"line":79,"column":0},"end":{"line":79,"column":16}},"14":{"start":{"line":84,"column":2},"end":{"line":84,"column":52}},"15":{"start":{"line":88,"column":2},"end":{"line":88,"column":55}},"16":{"start":{"line":92,"column":2},"end":{"line":92,"column":51}},"17":{"start":{"line":91,"column":0},"end":{"line":91,"column":16}},"18":{"start":{"line":96,"column":2},"end":{"line":96,"column":62}},"19":{"start":{"line":95,"column":0},"end":{"line":95,"column":16}},"20":{"start":{"line":103,"column":2},"end":{"line":103,"column":66}},"21":{"start":{"line":99,"column":0},"end":{"line":99,"column":16}},"22":{"start":{"line":107,"column":2},"end":{"line":107,"column":64}},"23":{"start":{"line":106,"column":0},"end":{"line":106,"column":16}},"24":{"start":{"line":114,"column":2},"end":{"line":114,"column":48}},"25":{"start":{"line":110,"column":0},"end":{"line":110,"column":16}},"26":{"start":{"line":120,"column":27},"end":{"line":120,"column":56}},"27":{"start":{"line":122,"column":2},"end":{"line":122,"column":41}},"28":{"start":{"line":123,"column":2},"end":{"line":126,"column":4}},"29":{"start":{"line":127,"column":2},"end":{"line":128,"column":66}},"30":{"start":{"line":130,"column":2},"end":{"line":130,"column":31}},"31":{"start":{"line":133,"column":41},"end":{"line":133,"column":77}},"32":{"start":{"line":136,"column":23},"end":{"line":136,"column":25}},"33":{"start":{"line":138,"column":2},"end":{"line":148,"column":null}},"34":{"start":{"line":139,"column":37},"end":{"line":139,"column":53}},"35":{"start":{"line":141,"column":4},"end":{"line":143,"column":null}},"36":{"start":{"line":142,"column":6},"end":{"line":142,"column":56}},"37":{"start":{"line":145,"column":4},"end":{"line":145,"column":53}},"38":{"start":{"line":146,"column":4},"end":{"line":146,"column":39}},"39":{"start":{"line":147,"column":4},"end":{"line":147,"column":29}},"40":{"start":{"line":150,"column":2},"end":{"line":150,"column":31}},"41":{"start":{"line":135,"column":0},"end":{"line":135,"column":16}},"42":{"start":{"line":154,"column":2},"end":{"line":154,"column":35}},"43":{"start":{"line":153,"column":0},"end":{"line":153,"column":16}},"44":{"start":{"line":158,"column":2},"end":{"line":158,"column":33}},"45":{"start":{"line":157,"column":0},"end":{"line":157,"column":16}},"46":{"start":{"line":162,"column":2},"end":{"line":162,"column":40}},"47":{"start":{"line":163,"column":2},"end":{"line":163,"column":15}},"48":{"start":{"line":161,"column":0},"end":{"line":161,"column":16}},"49":{"start":{"line":175,"column":12},"end":{"line":177,"column":37}},"50":{"start":{"line":178,"column":2},"end":{"line":188,"column":7}},"51":{"start":{"line":181,"column":6},"end":{"line":183,"column":24}},"52":{"start":{"line":186,"column":6},"end":{"line":186,"column":36}},"53":{"start":{"line":187,"column":6},"end":{"line":187,"column":62}},"54":{"start":{"line":166,"column":0},"end":{"line":166,"column":16}}},"fnMap":{"0":{"name":"(anonymous_0)","decl":{"start":{"line":45,"column":29},"end":{"line":45,"column":30}},"loc":{"start":{"line":45,"column":58},"end":{"line":55,"column":1}}},"1":{"name":"cachedMountSelector","decl":{"start":{"line":67,"column":9},"end":{"line":67,"column":28}},"loc":{"start":{"line":67,"column":45},"end":{"line":73,"column":1}}},"2":{"name":"exactMountSelector","decl":{"start":{"line":75,"column":16},"end":{"line":75,"column":34}},"loc":{"start":{"line":75,"column":52},"end":{"line":77,"column":1}}},"3":{"name":"prefixedMountSelector","decl":{"start":{"line":79,"column":16},"end":{"line":79,"column":37}},"loc":{"start":{"line":79,"column":62},"end":{"line":81,"column":1}}},"4":{"name":"isNode","decl":{"start":{"line":83,"column":9},"end":{"line":83,"column":15}},"loc":{"start":{"line":83,"column":26},"end":{"line":85,"column":1}}},"5":{"name":"isElement","decl":{"start":{"line":87,"column":9},"end":{"line":87,"column":18}},"loc":{"start":{"line":87,"column":29},"end":{"line":89,"column":1}}},"6":{"name":"isMount","decl":{"start":{"line":91,"column":16},"end":{"line":91,"column":23}},"loc":{"start":{"line":91,"column":34},"end":{"line":93,"column":1}}},"7":{"name":"isExactMount","decl":{"start":{"line":95,"column":16},"end":{"line":95,"column":28}},"loc":{"start":{"line":95,"column":58},"end":{"line":97,"column":1}}},"8":{"name":"isPrefixedMount","decl":{"start":{"line":99,"column":16},"end":{"line":99,"column":31}},"loc":{"start":{"line":101,"column":26},"end":{"line":104,"column":1}}},"9":{"name":"getMountValue","decl":{"start":{"line":106,"column":16},"end":{"line":106,"column":29}},"loc":{"start":{"line":106,"column":39},"end":{"line":108,"column":1}}},"10":{"name":"getTrailingMountValue","decl":{"start":{"line":110,"column":16},"end":{"line":110,"column":37}},"loc":{"start":{"line":112,"column":26},"end":{"line":115,"column":1}}},"11":{"name":"createBlockMountBasedOnInlineMount","decl":{"start":{"line":117,"column":9},"end":{"line":117,"column":43}},"loc":{"start":{"line":118,"column":41},"end":{"line":131,"column":1}}},"12":{"name":"ensureBlockMount","decl":{"start":{"line":135,"column":16},"end":{"line":135,"column":32}},"loc":{"start":{"line":135,"column":42},"end":{"line":151,"column":1}}},"13":{"name":"isUsed","decl":{"start":{"line":153,"column":16},"end":{"line":153,"column":22}},"loc":{"start":{"line":153,"column":35},"end":{"line":155,"column":1}}},"14":{"name":"isUsedBy","decl":{"start":{"line":157,"column":16},"end":{"line":157,"column":24}},"loc":{"start":{"line":157,"column":37},"end":{"line":159,"column":1}}},"15":{"name":"useMount","decl":{"start":{"line":161,"column":16},"end":{"line":161,"column":24}},"loc":{"start":{"line":161,"column":37},"end":{"line":164,"column":1}}},"16":{"name":"selectMountPoints","decl":{"start":{"line":166,"column":16},"end":{"line":166,"column":33}},"loc":{"start":{"line":173,"column":17},"end":{"line":189,"column":1}}},"17":{"name":"(anonymous_17)","decl":{"start":{"line":180,"column":12},"end":{"line":180,"column":17}},"loc":{"start":{"line":181,"column":6},"end":{"line":183,"column":24}}},"18":{"name":"(anonymous_18)","decl":{"start":{"line":185,"column":9},"end":{"line":185,"column":14}},"loc":{"start":{"line":185,"column":17},"end":{"line":188,"column":5}}}},"branchMap":{"0":{"loc":{"start":{"line":51,"column":10},"end":{"line":51,"column":77}},"type":"cond-expr","locations":[{"start":{"line":51,"column":10},"end":{"line":51,"column":77}},{"start":{"line":52,"column":10},"end":{"line":52,"column":13}}]},"1":{"loc":{"start":{"line":51,"column":20},"end":{"line":51,"column":59}},"type":"cond-expr","locations":[{"start":{"line":51,"column":20},"end":{"line":51,"column":59}},{"start":{"line":51,"column":62},"end":{"line":51,"column":63}}]},"2":{"loc":{"start":{"line":51,"column":51},"end":{"line":51,"column":53}},"type":"cond-expr","locations":[{"start":{"line":51,"column":51},"end":{"line":51,"column":53}},{"start":{"line":51,"column":56},"end":{"line":51,"column":57}}]},"3":{"loc":{"start":{"line":68,"column":2},"end":{"line":70,"column":null}},"type":"if","locations":[{"start":{"line":68,"column":2},"end":{"line":70,"column":null}},{"start":{"line":68,"column":2},"end":{"line":70,"column":null}}]},"4":{"loc":{"start":{"line":84,"column":9},"end":{"line":84,"column":30}},"type":"binary-expr","locations":[{"start":{"line":84,"column":9},"end":{"line":84,"column":30}},{"start":{"line":84,"column":34},"end":{"line":84,"column":51}}]},"5":{"loc":{"start":{"line":88,"column":9},"end":{"line":88,"column":18}},"type":"binary-expr","locations":[{"start":{"line":88,"column":9},"end":{"line":88,"column":18}},{"start":{"line":88,"column":22},"end":{"line":88,"column":54}}]},"6":{"loc":{"start":{"line":92,"column":9},"end":{"line":92,"column":21}},"type":"binary-expr","locations":[{"start":{"line":92,"column":9},"end":{"line":92,"column":21}},{"start":{"line":92,"column":25},"end":{"line":92,"column":50}}]},"7":{"loc":{"start":{"line":96,"column":9},"end":{"line":96,"column":21}},"type":"binary-expr","locations":[{"start":{"line":96,"column":9},"end":{"line":96,"column":21}},{"start":{"line":96,"column":25},"end":{"line":96,"column":61}}]},"8":{"loc":{"start":{"line":103,"column":9},"end":{"line":103,"column":21}},"type":"binary-expr","locations":[{"start":{"line":103,"column":9},"end":{"line":103,"column":21}},{"start":{"line":103,"column":25},"end":{"line":103,"column":65}}]},"9":{"loc":{"start":{"line":107,"column":9},"end":{"line":107,"column":30}},"type":"binary-expr","locations":[{"start":{"line":107,"column":9},"end":{"line":107,"column":30}},{"start":{"line":107,"column":34},"end":{"line":107,"column":57}},{"start":{"line":107,"column":61},"end":{"line":107,"column":63}}]},"10":{"loc":{"start":{"line":125,"column":4},"end":{"line":125,"column":25}},"type":"binary-expr","locations":[{"start":{"line":125,"column":4},"end":{"line":125,"column":25}},{"start":{"line":125,"column":29},"end":{"line":125,"column":52}},{"start":{"line":125,"column":56},"end":{"line":125,"column":58}}]},"11":{"loc":{"start":{"line":127,"column":2},"end":{"line":127,"column":22}},"type":"binary-expr","locations":[{"start":{"line":127,"column":2},"end":{"line":127,"column":22}},{"start":{"line":128,"column":4},"end":{"line":128,"column":65}}]},"12":{"loc":{"start":{"line":138,"column":2},"end":{"line":148,"column":null}},"type":"if","locations":[{"start":{"line":138,"column":2},"end":{"line":148,"column":null}},{"start":{"line":138,"column":2},"end":{"line":148,"column":null}}]},"13":{"loc":{"start":{"line":141,"column":4},"end":{"line":143,"column":null}},"type":"if","locations":[{"start":{"line":141,"column":4},"end":{"line":143,"column":null}},{"start":{"line":141,"column":4},"end":{"line":143,"column":null}}]},"14":{"loc":{"start":{"line":173,"column":15},"end":{"line":173,"column":17}},"type":"default-arg","locations":[{"start":{"line":173,"column":15},"end":{"line":173,"column":17}}]},"15":{"loc":{"start":{"line":169,"column":12},"end":{"line":169,"column":17}},"type":"default-arg","locations":[{"start":{"line":169,"column":12},"end":{"line":169,"column":17}}]},"16":{"loc":{"start":{"line":170,"column":21},"end":{"line":170,"column":26}},"type":"default-arg","locations":[{"start":{"line":170,"column":21},"end":{"line":170,"column":26}}]},"17":{"loc":{"start":{"line":171,"column":17},"end":{"line":171,"column":21}},"type":"default-arg","locations":[{"start":{"line":171,"column":17},"end":{"line":171,"column":21}}]},"18":{"loc":{"start":{"line":172,"column":21},"end":{"line":172,"column":26}},"type":"default-arg","locations":[{"start":{"line":172,"column":21},"end":{"line":172,"column":26}}]},"19":{"loc":{"start":{"line":176,"column":6},"end":{"line":176,"column":34}},"type":"cond-expr","locations":[{"start":{"line":176,"column":6},"end":{"line":176,"column":34}},{"start":{"line":177,"column":6},"end":{"line":177,"column":37}}]},"20":{"loc":{"start":{"line":182,"column":10},"end":{"line":182,"column":59}},"type":"cond-expr","locations":[{"start":{"line":182,"column":10},"end":{"line":182,"column":59}},{"start":{"line":183,"column":10},"end":{"line":183,"column":24}}]},"21":{"loc":{"start":{"line":182,"column":10},"end":{"line":182,"column":41}},"type":"binary-expr","locations":[{"start":{"line":182,"column":10},"end":{"line":182,"column":41}},{"start":{"line":182,"column":45},"end":{"line":182,"column":59}}]},"22":{"loc":{"start":{"line":186,"column":6},"end":{"line":186,"column":16}},"type":"binary-expr","locations":[{"start":{"line":186,"column":6},"end":{"line":186,"column":16}},{"start":{"line":186,"column":20},"end":{"line":186,"column":35}}]},"23":{"loc":{"start":{"line":187,"column":30},"end":{"line":187,"column":53}},"type":"cond-expr","locations":[{"start":{"line":187,"column":30},"end":{"line":187,"column":53}},{"start":{"line":187,"column":56},"end":{"line":187,"column":61}}]}},"s":{"0":2,"1":2,"2":2,"3":2,"4":2,"5":2,"6":2,"7":23,"8":4,"9":23,"10":7,"11":2,"12":16,"13":2,"14":58,"15":58,"16":54,"17":2,"18":2,"19":2,"20":2,"21":2,"22":6,"23":2,"24":3,"25":2,"26":5,"27":5,"28":5,"29":5,"30":5,"31":2,"32":9,"33":9,"34":6,"35":6,"36":1,"37":5,"38":5,"39":5,"40":8,"41":2,"42":37,"43":2,"44":9,"45":2,"46":23,"47":23,"48":2,"49":14,"50":14,"51":41,"52":25,"53":25,"54":2},"f":{"0":2,"1":23,"2":7,"3":16,"4":58,"5":58,"6":54,"7":2,"8":2,"9":6,"10":3,"11":5,"12":9,"13":37,"14":9,"15":23,"16":14,"17":41,"18":25},"b":{"0":[64,8],"1":[62,2],"2":[60,2],"3":[4,19],"4":[58,58],"5":[58,57],"6":[54,53],"7":[2,2],"8":[2,2],"9":[6,4,2],"10":[5,4,0],"11":[5,2],"12":[6,3],"13":[1,5],"14":[7],"15":[13],"16":[11],"17":[13],"18":[12],"19":[1,13],"20":[9,32],"21":[9,5],"22":[25,23],"23":[4,21]}}
,"/Users/elverys7d/Projects/mount-utils/src/polyfills.ts": {"path":"/Users/elverys7d/Projects/mount-utils/src/polyfills.ts","statementMap":{"0":{"start":{"line":2,"column":0},"end":{"line":7,"column":null}},"1":{"start":{"line":3,"column":2},"end":{"line":6,"column":44}}},"fnMap":{},"branchMap":{"0":{"loc":{"start":{"line":2,"column":0},"end":{"line":7,"column":null}},"type":"if","locations":[{"start":{"line":2,"column":0},"end":{"line":7,"column":null}},{"start":{"line":2,"column":0},"end":{"line":7,"column":null}}]},"1":{"loc":{"start":{"line":5,"column":4},"end":{"line":5,"column":39}},"type":"binary-expr","locations":[{"start":{"line":5,"column":4},"end":{"line":5,"column":39}},{"start":{"line":6,"column":4},"end":{"line":6,"column":43}}]}},"s":{"0":2,"1":0},"f":{},"b":{"0":[0,2],"1":[0,0]}}
}
