TN:
SF:/Users/elverys7d/Projects/mount-utils/src/index.ts
FN:45,(anonymous_0)
FN:67,cachedMountSelector
FN:75,exactMountSelector
FN:79,prefixedMountSelector
FN:83,isNode
FN:87,isElement
FN:91,isMount
FN:95,isExactMount
FN:99,isPrefixedMount
FN:106,getMountValue
FN:110,getTrailingMountValue
FN:117,createBlockMountBasedOnInlineMount
FN:135,ensureBlockMount
FN:153,isUsed
FN:157,isUsedBy
FN:161,useMount
FN:166,selectMountPoints
FN:180,(anonymous_17)
FN:185,(anonymous_18)
FNF:19
FNH:19
FNDA:2,(anonymous_0)
FNDA:23,cachedMountSelector
FNDA:7,exactMountSelector
FNDA:16,prefixedMountSelector
FNDA:58,isNode
FNDA:58,isElement
FNDA:54,isMount
FNDA:2,isExactMount
FNDA:2,isPrefixedMount
FNDA:6,getMountValue
FNDA:3,getTrailingMountValue
FNDA:5,createBlockMountBasedOnInlineMount
FNDA:9,ensureBlockMount
FNDA:37,isUsed
FNDA:9,isUsedBy
FNDA:23,useMount
FNDA:14,selectMountPoints
FNDA:41,(anonymous_17)
FNDA:25,(anonymous_18)
DA:1,2
DA:45,2
DA:46,2
DA:54,2
DA:57,2
DA:63,2
DA:65,2
DA:68,23
DA:69,4
DA:72,23
DA:75,2
DA:76,7
DA:79,2
DA:80,16
DA:84,58
DA:88,58
DA:91,2
DA:92,54
DA:95,2
DA:96,2
DA:99,2
DA:103,2
DA:106,2
DA:107,6
DA:110,2
DA:114,3
DA:120,5
DA:122,5
DA:123,5
DA:127,5
DA:130,5
DA:133,2
DA:135,2
DA:136,9
DA:138,9
DA:139,6
DA:141,6
DA:142,1
DA:145,5
DA:146,5
DA:147,5
DA:150,8
DA:153,2
DA:154,37
DA:157,2
DA:158,9
DA:161,2
DA:162,23
DA:163,23
DA:166,2
DA:175,14
DA:178,14
DA:181,41
DA:186,25
DA:187,25
LF:55
LH:55
BRDA:51,0,0,64
BRDA:51,0,1,8
BRDA:51,1,0,62
BRDA:51,1,1,2
BRDA:51,2,0,60
BRDA:51,2,1,2
BRDA:68,3,0,4
BRDA:68,3,1,19
BRDA:84,4,0,58
BRDA:84,4,1,58
BRDA:88,5,0,58
BRDA:88,5,1,57
BRDA:92,6,0,54
BRDA:92,6,1,53
BRDA:96,7,0,2
BRDA:96,7,1,2
BRDA:103,8,0,2
BRDA:103,8,1,2
BRDA:107,9,0,6
BRDA:107,9,1,4
BRDA:107,9,2,2
BRDA:125,10,0,5
BRDA:125,10,1,4
BRDA:125,10,2,0
BRDA:127,11,0,5
BRDA:127,11,1,2
BRDA:138,12,0,6
BRDA:138,12,1,3
BRDA:141,13,0,1
BRDA:141,13,1,5
BRDA:173,14,0,7
BRDA:169,15,0,13
BRDA:170,16,0,11
BRDA:171,17,0,13
BRDA:172,18,0,12
BRDA:176,19,0,1
BRDA:176,19,1,13
BRDA:182,20,0,9
BRDA:182,20,1,32
BRDA:182,21,0,9
BRDA:182,21,1,5
BRDA:186,22,0,25
BRDA:186,22,1,23
BRDA:187,23,0,4
BRDA:187,23,1,21
BRF:45
BRH:44
end_of_record
TN:
SF:/Users/elverys7d/Projects/mount-utils/src/polyfills.ts
FNF:0
FNH:0
DA:2,2
DA:3,0
LF:2
LH:1
BRDA:2,0,0,0
BRDA:2,0,1,2
BRDA:5,1,0,0
BRDA:5,1,1,0
BRF:4
BRH:1
end_of_record
